TN:
SF:src/modules/appointments/services/CreateAppointmentService.ts
FN:45,__decorate
FN:45,__metadata
FN:45,__param
FN:45,__awaiter
FN:45,adopt
FN:45,fulfilled
FN:45,rejected
FN:45,step
FN:45,__generator
FN:45,sent
FN:45,g.<computed>
FN:45,verb
FN:45,step
FN:45,__importDefault
FN:17,CreateAppointmentService
FN:25,CreateAppointmentService.execute
FNF:16
FNH:14
FNDA:1,__decorate
FNDA:1,__metadata
FNDA:1,__param
FNDA:3,__awaiter
FNDA:5,adopt
FNDA:5,fulfilled
FNDA:0,rejected
FNDA:7,step
FNDA:3,__generator
FNDA:5,sent
FNDA:0,g.<computed>
FNDA:9,verb
FNDA:8,step
FNDA:1,__importDefault
FNDA:2,CreateAppointmentService
FNDA:3,CreateAppointmentService.execute
DA:1,1
DA:2,1
DA:3,1
DA:4,1
DA:5,1
DA:6,1
DA:7,1
DA:8,1
DA:9,1
DA:10,1
DA:11,1
DA:12,1
DA:13,1
DA:14,1
DA:15,1
DA:16,1
DA:17,1
DA:18,2
DA:19,2
DA:20,2
DA:21,1
DA:22,1
DA:23,1
DA:24,1
DA:25,1
DA:26,3
DA:27,3
DA:28,3
DA:29,3
DA:30,3
DA:31,3
DA:32,3
DA:33,1
DA:34,1
DA:35,2
DA:36,2
DA:37,2
DA:38,2
DA:39,2
DA:40,3
DA:41,3
DA:42,3
DA:43,1
DA:44,1
DA:45,1
LF:45
LH:45
BRDA:45,0,0,1
BRDA:45,1,0,1
BRDA:45,2,0,0
BRDA:45,3,0,0
BRDA:45,4,0,0
BRDA:45,5,0,0
BRDA:45,6,0,1
BRDA:45,7,0,1
BRDA:45,8,0,1
BRDA:45,9,0,3
BRDA:45,10,0,5
BRDA:45,11,0,0
BRDA:45,12,0,3
BRDA:45,13,0,5
BRDA:45,14,0,1
BRDA:45,15,0,7
BRDA:45,16,0,2
BRDA:45,17,0,5
BRDA:45,18,0,3
BRDA:45,19,0,5
BRDA:45,20,0,0
BRDA:45,21,0,9
BRDA:45,22,0,8
BRDA:45,23,0,8
BRDA:45,24,0,0
BRDA:45,25,0,16
BRDA:45,26,0,0
BRDA:45,27,0,0
BRDA:45,28,0,0
BRDA:45,29,0,0
BRDA:45,30,0,8
BRDA:45,31,0,8
BRDA:45,32,0,5
BRDA:45,33,0,0
BRDA:45,34,0,0
BRDA:45,35,0,3
BRDA:45,36,0,0
BRDA:45,37,0,2
BRDA:45,38,0,0
BRDA:45,39,0,0
BRDA:45,40,0,0
BRDA:45,41,0,0
BRDA:45,42,0,8
BRDA:45,43,0,1
BRDA:45,44,0,8
BRDA:45,45,0,3
BRDA:45,46,0,1
BRDA:45,47,0,2
BRDA:45,48,0,0
BRDA:45,49,0,1
BRDA:45,50,0,0
BRDA:13,51,0,1
BRDA:17,52,0,2
BRDA:25,53,0,3
BRDA:45,54,0,3
BRDA:45,55,0,8
BRDA:45,56,0,3
BRDA:45,57,0,3
BRDA:32,58,0,1
BRDA:34,59,0,2
BRDA:45,60,0,2
BRF:61
BRH:41
end_of_record
TN:
SF:src/modules/users/services/AuthenticateUserService.ts
FN:66,__decorate
FN:66,__metadata
FN:66,__param
FN:66,__awaiter
FN:66,adopt
FN:66,fulfilled
FN:66,rejected
FN:66,step
FN:66,__generator
FN:66,sent
FN:66,g.<computed>
FN:66,verb
FN:66,step
FN:66,__importDefault
FN:24,AuthenticateUserService
FN:35,AuthenticateUserService.execute
FNF:16
FNH:14
FNDA:1,__decorate
FNDA:1,__metadata
FNDA:2,__param
FNDA:3,__awaiter
FNDA:5,adopt
FNDA:5,fulfilled
FNDA:0,rejected
FNDA:6,step
FNDA:3,__generator
FNDA:5,sent
FNDA:0,g.<computed>
FNDA:9,verb
FNDA:8,step
FNDA:2,__importDefault
FNDA:3,AuthenticateUserService
FNDA:3,AuthenticateUserService.execute
DA:1,1
DA:2,1
DA:3,1
DA:4,1
DA:5,1
DA:6,1
DA:7,1
DA:8,1
DA:9,1
DA:10,1
DA:11,1
DA:12,1
DA:13,1
DA:14,1
DA:15,1
DA:16,1
DA:17,1
DA:18,1
DA:19,1
DA:20,1
DA:21,1
DA:22,1
DA:23,1
DA:24,1
DA:25,3
DA:26,3
DA:27,3
DA:28,3
DA:29,3
DA:30,3
DA:31,1
DA:32,1
DA:33,1
DA:34,1
DA:35,1
DA:36,3
DA:37,3
DA:38,3
DA:39,3
DA:40,1
DA:41,1
DA:42,2
DA:43,2
DA:44,2
DA:45,2
DA:46,2
DA:47,3
DA:48,3
DA:49,1
DA:50,1
DA:51,1
DA:52,1
DA:53,1
DA:54,1
DA:55,1
DA:56,1
DA:57,1
DA:58,1
DA:59,1
DA:60,1
DA:61,1
DA:62,1
DA:63,3
DA:64,1
DA:65,1
DA:66,1
LF:66
LH:66
BRDA:66,0,0,1
BRDA:66,1,0,1
BRDA:66,2,0,0
BRDA:66,3,0,0
BRDA:66,4,0,0
BRDA:66,5,0,0
BRDA:66,6,0,1
BRDA:66,7,0,2
BRDA:66,8,0,2
BRDA:66,9,0,3
BRDA:66,10,0,5
BRDA:66,11,0,0
BRDA:66,12,0,3
BRDA:66,13,0,5
BRDA:66,14,0,2
BRDA:66,15,0,6
BRDA:66,16,0,1
BRDA:66,17,0,5
BRDA:66,18,0,3
BRDA:66,19,0,5
BRDA:66,20,0,0
BRDA:66,21,0,9
BRDA:66,22,0,8
BRDA:66,23,0,8
BRDA:66,24,0,0
BRDA:66,25,0,16
BRDA:66,26,0,0
BRDA:66,27,0,0
BRDA:66,28,0,0
BRDA:66,29,0,0
BRDA:66,30,0,8
BRDA:66,31,0,8
BRDA:66,32,0,5
BRDA:66,33,0,0
BRDA:66,34,0,0
BRDA:66,35,0,3
BRDA:66,36,0,0
BRDA:66,37,0,1
BRDA:66,38,0,0
BRDA:66,39,0,0
BRDA:66,40,0,0
BRDA:66,41,0,0
BRDA:66,42,0,8
BRDA:66,43,0,2
BRDA:66,44,0,8
BRDA:66,45,0,3
BRDA:66,46,0,2
BRDA:66,47,0,1
BRDA:66,48,0,0
BRDA:66,49,0,2
BRDA:66,50,0,0
BRDA:20,51,0,1
BRDA:24,52,0,3
BRDA:35,53,0,3
BRDA:66,54,0,3
BRDA:66,55,0,8
BRDA:37,56,0,3
BRDA:66,57,0,3
BRDA:39,58,0,1
BRDA:41,59,0,2
BRDA:66,60,0,2
BRDA:48,61,0,1
BRF:62
BRH:42
end_of_record
TN:
SF:src/modules/users/services/CreateUserService.ts
FN:46,__decorate
FN:46,__metadata
FN:46,__param
FN:46,__awaiter
FN:46,adopt
FN:46,fulfilled
FN:46,rejected
FN:46,step
FN:46,__generator
FN:46,sent
FN:46,g.<computed>
FN:46,verb
FN:46,step
FN:46,__importDefault
FN:18,CreateUserService
FN:29,CreateUserService.execute
FNF:16
FNH:14
FNDA:2,__decorate
FNDA:2,__metadata
FNDA:4,__param
FNDA:5,__awaiter
FNDA:9,adopt
FNDA:9,fulfilled
FNDA:0,rejected
FNDA:13,step
FNDA:5,__generator
FNDA:9,sent
FNDA:0,g.<computed>
FNDA:15,verb
FNDA:14,step
FNDA:2,__importDefault
FNDA:4,CreateUserService
FNDA:5,CreateUserService.execute
DA:1,1
DA:2,1
DA:3,1
DA:4,1
DA:5,1
DA:6,1
DA:7,1
DA:8,1
DA:9,1
DA:10,1
DA:11,1
DA:12,1
DA:13,1
DA:14,2
DA:15,2
DA:16,2
DA:17,2
DA:18,2
DA:19,4
DA:20,4
DA:21,4
DA:22,4
DA:23,4
DA:24,4
DA:25,2
DA:26,2
DA:27,2
DA:28,2
DA:29,2
DA:30,5
DA:31,5
DA:32,5
DA:33,1
DA:34,1
DA:35,4
DA:36,4
DA:37,5
DA:38,5
DA:39,5
DA:40,5
DA:41,5
DA:42,5
DA:43,5
DA:44,5
DA:45,5
DA:46,2
LF:46
LH:46
BRDA:46,0,0,2
BRDA:46,1,0,2
BRDA:46,2,0,0
BRDA:46,3,0,0
BRDA:46,4,0,0
BRDA:46,5,0,0
BRDA:46,6,0,2
BRDA:46,7,0,4
BRDA:46,8,0,4
BRDA:46,9,0,5
BRDA:46,10,0,9
BRDA:46,11,0,0
BRDA:46,12,0,5
BRDA:46,13,0,9
BRDA:46,14,0,1
BRDA:46,15,0,13
BRDA:46,16,0,4
BRDA:46,17,0,9
BRDA:46,18,0,5
BRDA:46,19,0,9
BRDA:46,20,0,0
BRDA:46,21,0,15
BRDA:46,22,0,14
BRDA:46,23,0,14
BRDA:46,24,0,0
BRDA:46,25,0,28
BRDA:46,26,0,0
BRDA:46,27,0,0
BRDA:46,28,0,0
BRDA:46,29,0,0
BRDA:46,30,0,14
BRDA:46,31,0,14
BRDA:46,32,0,9
BRDA:46,33,0,0
BRDA:46,34,0,0
BRDA:46,35,0,5
BRDA:46,36,0,0
BRDA:46,37,0,4
BRDA:46,38,0,0
BRDA:46,39,0,0
BRDA:46,40,0,0
BRDA:46,41,0,0
BRDA:46,42,0,14
BRDA:46,43,0,1
BRDA:46,44,0,14
BRDA:46,45,0,5
BRDA:46,46,0,1
BRDA:46,47,0,4
BRDA:46,48,0,0
BRDA:46,49,0,2
BRDA:46,50,0,0
BRDA:14,51,0,2
BRDA:18,52,0,4
BRDA:29,53,0,5
BRDA:46,54,0,5
BRDA:46,55,0,14
BRDA:30,56,0,5
BRDA:46,57,0,5
BRDA:32,58,0,1
BRDA:34,59,0,4
BRDA:46,60,0,4
BRF:61
BRH:41
end_of_record
TN:
SF:src/modules/users/services/UpdateUserAvatarService.ts
FN:1,(empty-report)
FNF:1
FNH:0
FNDA:0,(empty-report)
DA:1,0
DA:2,0
DA:3,0
DA:4,0
DA:5,0
DA:6,0
DA:7,0
DA:8,0
DA:9,0
DA:10,0
DA:11,0
DA:12,0
DA:13,0
DA:14,0
DA:15,0
DA:16,0
DA:17,0
DA:18,0
DA:19,0
DA:20,0
DA:21,0
DA:22,0
DA:23,0
DA:24,0
DA:25,0
DA:26,0
DA:27,0
DA:28,0
DA:29,0
DA:30,0
DA:31,0
DA:32,0
DA:33,0
DA:34,0
DA:35,0
DA:36,0
DA:37,0
DA:38,0
DA:39,0
DA:40,0
DA:41,0
DA:42,0
DA:43,0
DA:44,0
DA:45,0
DA:46,0
DA:47,0
LF:47
LH:0
BRDA:1,0,0,0
BRF:1
BRH:0
end_of_record
